Analysis & Elaboration report for ALU
Sun Mar 17 13:01:27 2024
Quartus Prime Version 18.0.0 Build 614 04/24/2018 SJ Lite Edition


---------------------
; Table of Contents ;
---------------------
  1. Legal Notice
  2. Analysis & Elaboration Summary
  3. Parallel Compilation
  4. Parameter Settings for User Entity Instance: ALUNBits:ALUNBits
  5. Analysis & Elaboration Settings
  6. Port Connectivity Checks: "ALUNBits:ALUNBits|ALUbitN:alubucle[31].ALUBitN_1"
  7. Port Connectivity Checks: "ALUNBits:ALUNBits|ALUbitN:alubucle[30].ALUBitX"
  8. Port Connectivity Checks: "ALUNBits:ALUNBits|ALUbitN:alubucle[29].ALUBitX"
  9. Port Connectivity Checks: "ALUNBits:ALUNBits|ALUbitN:alubucle[28].ALUBitX"
 10. Port Connectivity Checks: "ALUNBits:ALUNBits|ALUbitN:alubucle[27].ALUBitX"
 11. Port Connectivity Checks: "ALUNBits:ALUNBits|ALUbitN:alubucle[26].ALUBitX"
 12. Port Connectivity Checks: "ALUNBits:ALUNBits|ALUbitN:alubucle[25].ALUBitX"
 13. Port Connectivity Checks: "ALUNBits:ALUNBits|ALUbitN:alubucle[24].ALUBitX"
 14. Port Connectivity Checks: "ALUNBits:ALUNBits|ALUbitN:alubucle[23].ALUBitX"
 15. Port Connectivity Checks: "ALUNBits:ALUNBits|ALUbitN:alubucle[22].ALUBitX"
 16. Port Connectivity Checks: "ALUNBits:ALUNBits|ALUbitN:alubucle[21].ALUBitX"
 17. Port Connectivity Checks: "ALUNBits:ALUNBits|ALUbitN:alubucle[20].ALUBitX"
 18. Port Connectivity Checks: "ALUNBits:ALUNBits|ALUbitN:alubucle[19].ALUBitX"
 19. Port Connectivity Checks: "ALUNBits:ALUNBits|ALUbitN:alubucle[18].ALUBitX"
 20. Port Connectivity Checks: "ALUNBits:ALUNBits|ALUbitN:alubucle[17].ALUBitX"
 21. Port Connectivity Checks: "ALUNBits:ALUNBits|ALUbitN:alubucle[16].ALUBitX"
 22. Port Connectivity Checks: "ALUNBits:ALUNBits|ALUbitN:alubucle[15].ALUBitX"
 23. Port Connectivity Checks: "ALUNBits:ALUNBits|ALUbitN:alubucle[14].ALUBitX"
 24. Port Connectivity Checks: "ALUNBits:ALUNBits|ALUbitN:alubucle[13].ALUBitX"
 25. Port Connectivity Checks: "ALUNBits:ALUNBits|ALUbitN:alubucle[12].ALUBitX"
 26. Port Connectivity Checks: "ALUNBits:ALUNBits|ALUbitN:alubucle[11].ALUBitX"
 27. Port Connectivity Checks: "ALUNBits:ALUNBits|ALUbitN:alubucle[10].ALUBitX"
 28. Port Connectivity Checks: "ALUNBits:ALUNBits|ALUbitN:alubucle[9].ALUBitX"
 29. Port Connectivity Checks: "ALUNBits:ALUNBits|ALUbitN:alubucle[8].ALUBitX"
 30. Port Connectivity Checks: "ALUNBits:ALUNBits|ALUbitN:alubucle[7].ALUBitX"
 31. Port Connectivity Checks: "ALUNBits:ALUNBits|ALUbitN:alubucle[6].ALUBitX"
 32. Port Connectivity Checks: "ALUNBits:ALUNBits|ALUbitN:alubucle[5].ALUBitX"
 33. Port Connectivity Checks: "ALUNBits:ALUNBits|ALUbitN:alubucle[4].ALUBitX"
 34. Port Connectivity Checks: "ALUNBits:ALUNBits|ALUbitN:alubucle[3].ALUBitX"
 35. Port Connectivity Checks: "ALUNBits:ALUNBits|ALUbitN:alubucle[2].ALUBitX"
 36. Port Connectivity Checks: "ALUNBits:ALUNBits|ALUbitN:alubucle[1].ALUBitX"
 37. Port Connectivity Checks: "ALUNBits:ALUNBits|ALUbitN:alubucle[0].ALU1Bit"
 38. Port Connectivity Checks: "ALUNBits:ALUNBits"
 39. Analysis & Elaboration Messages



----------------
; Legal Notice ;
----------------
Copyright (C) 2018  Intel Corporation. All rights reserved.
Your use of Intel Corporation's design tools, logic functions 
and other software and tools, and its AMPP partner logic 
functions, and any output files from any of the foregoing 
(including device programming or simulation files), and any 
associated documentation or information are expressly subject 
to the terms and conditions of the Intel Program License 
Subscription Agreement, the Intel Quartus Prime License Agreement,
the Intel FPGA IP License Agreement, or other applicable license
agreement, including, without limitation, that your use is for
the sole purpose of programming logic devices manufactured by
Intel and sold by Intel or its authorized distributors.  Please
refer to the applicable agreement for further details.



+----------------------------------------------------------------------------------+
; Analysis & Elaboration Summary                                                   ;
+------------------------------------+---------------------------------------------+
; Analysis & Elaboration Status      ; Successful - Sun Mar 17 13:01:26 2024       ;
; Quartus Prime Version              ; 18.0.0 Build 614 04/24/2018 SJ Lite Edition ;
; Revision Name                      ; ALU                                         ;
; Top-level Entity Name              ; ALUNBits_FPGA                               ;
; Family                             ; Cyclone IV E                                ;
; Total logic elements               ; N/A until Partition Merge                   ;
;     Total combinational functions  ; N/A until Partition Merge                   ;
;     Dedicated logic registers      ; N/A until Partition Merge                   ;
; Total registers                    ; N/A until Partition Merge                   ;
; Total pins                         ; N/A until Partition Merge                   ;
; Total virtual pins                 ; N/A until Partition Merge                   ;
; Total memory bits                  ; N/A until Partition Merge                   ;
; Embedded Multiplier 9-bit elements ; N/A until Partition Merge                   ;
; Total PLLs                         ; N/A until Partition Merge                   ;
+------------------------------------+---------------------------------------------+


+------------------------------------------+
; Parallel Compilation                     ;
+----------------------------+-------------+
; Processors                 ; Number      ;
+----------------------------+-------------+
; Number detected on machine ; 12          ;
; Maximum allowed            ; 6           ;
;                            ;             ;
; Average used               ; 1.00        ;
; Maximum used               ; 1           ;
;                            ;             ;
; Usage by Processor         ; % Time Used ;
;     Processor 1            ; 100.0%      ;
+----------------------------+-------------+


+----------------------------------------------------------------+
; Parameter Settings for User Entity Instance: ALUNBits:ALUNBits ;
+----------------+-------+---------------------------------------+
; Parameter Name ; Value ; Type                                  ;
+----------------+-------+---------------------------------------+
; N              ; 32    ; Signed Integer                        ;
+----------------+-------+---------------------------------------+
Note: In order to hide this table in the UI and the text report file, please set the "Show Parameter Settings in Synthesis Report" option in "Analysis and Synthesis Settings -> More Settings" to "Off".


+------------------------------------------------------------------------------------------------------------+
; Analysis & Elaboration Settings                                                                            ;
+------------------------------------------------------------------+--------------------+--------------------+
; Option                                                           ; Setting            ; Default Value      ;
+------------------------------------------------------------------+--------------------+--------------------+
; Device                                                           ; EP4CE115F29C7      ;                    ;
; Top-level entity name                                            ; ALUNBits_FPGA      ; ALU                ;
; Family name                                                      ; Cyclone IV E       ; Cyclone V          ;
; Use smart compilation                                            ; Off                ; Off                ;
; Enable parallel Assembler and Timing Analyzer during compilation ; On                 ; On                 ;
; Enable compact report table                                      ; Off                ; Off                ;
; Restructure Multiplexers                                         ; Auto               ; Auto               ;
; Create Debugging Nodes for IP Cores                              ; Off                ; Off                ;
; Preserve fewer node names                                        ; On                 ; On                 ;
; Intel FPGA IP Evaluation Mode                                    ; Enable             ; Enable             ;
; Verilog Version                                                  ; Verilog_2001       ; Verilog_2001       ;
; VHDL Version                                                     ; VHDL_1993          ; VHDL_1993          ;
; State Machine Processing                                         ; Auto               ; Auto               ;
; Safe State Machine                                               ; Off                ; Off                ;
; Extract Verilog State Machines                                   ; On                 ; On                 ;
; Extract VHDL State Machines                                      ; On                 ; On                 ;
; Ignore Verilog initial constructs                                ; Off                ; Off                ;
; Iteration limit for constant Verilog loops                       ; 5000               ; 5000               ;
; Iteration limit for non-constant Verilog loops                   ; 250                ; 250                ;
; Add Pass-Through Logic to Inferred RAMs                          ; On                 ; On                 ;
; Infer RAMs from Raw Logic                                        ; On                 ; On                 ;
; Parallel Synthesis                                               ; On                 ; On                 ;
; DSP Block Balancing                                              ; Auto               ; Auto               ;
; NOT Gate Push-Back                                               ; On                 ; On                 ;
; Power-Up Don't Care                                              ; On                 ; On                 ;
; Remove Redundant Logic Cells                                     ; Off                ; Off                ;
; Remove Duplicate Registers                                       ; On                 ; On                 ;
; Ignore CARRY Buffers                                             ; Off                ; Off                ;
; Ignore CASCADE Buffers                                           ; Off                ; Off                ;
; Ignore GLOBAL Buffers                                            ; Off                ; Off                ;
; Ignore ROW GLOBAL Buffers                                        ; Off                ; Off                ;
; Ignore LCELL Buffers                                             ; Off                ; Off                ;
; Ignore SOFT Buffers                                              ; On                 ; On                 ;
; Limit AHDL Integers to 32 Bits                                   ; Off                ; Off                ;
; Optimization Technique                                           ; Balanced           ; Balanced           ;
; Carry Chain Length                                               ; 70                 ; 70                 ;
; Auto Carry Chains                                                ; On                 ; On                 ;
; Auto Open-Drain Pins                                             ; On                 ; On                 ;
; Perform WYSIWYG Primitive Resynthesis                            ; Off                ; Off                ;
; Auto ROM Replacement                                             ; On                 ; On                 ;
; Auto RAM Replacement                                             ; On                 ; On                 ;
; Auto DSP Block Replacement                                       ; On                 ; On                 ;
; Auto Shift Register Replacement                                  ; Auto               ; Auto               ;
; Allow Shift Register Merging across Hierarchies                  ; Auto               ; Auto               ;
; Auto Clock Enable Replacement                                    ; On                 ; On                 ;
; Strict RAM Replacement                                           ; Off                ; Off                ;
; Allow Synchronous Control Signals                                ; On                 ; On                 ;
; Force Use of Synchronous Clear Signals                           ; Off                ; Off                ;
; Auto RAM Block Balancing                                         ; On                 ; On                 ;
; Auto RAM to Logic Cell Conversion                                ; Off                ; Off                ;
; Auto Resource Sharing                                            ; Off                ; Off                ;
; Allow Any RAM Size For Recognition                               ; Off                ; Off                ;
; Allow Any ROM Size For Recognition                               ; Off                ; Off                ;
; Allow Any Shift Register Size For Recognition                    ; Off                ; Off                ;
; Use LogicLock Constraints during Resource Balancing              ; On                 ; On                 ;
; Ignore translate_off and synthesis_off directives                ; Off                ; Off                ;
; Timing-Driven Synthesis                                          ; On                 ; On                 ;
; Report Parameter Settings                                        ; On                 ; On                 ;
; Report Source Assignments                                        ; On                 ; On                 ;
; Report Connectivity Checks                                       ; On                 ; On                 ;
; Ignore Maximum Fan-Out Assignments                               ; Off                ; Off                ;
; Synchronization Register Chain Length                            ; 2                  ; 2                  ;
; Power Optimization During Synthesis                              ; Normal compilation ; Normal compilation ;
; HDL message level                                                ; Level2             ; Level2             ;
; Suppress Register Optimization Related Messages                  ; Off                ; Off                ;
; Number of Removed Registers Reported in Synthesis Report         ; 5000               ; 5000               ;
; Number of Swept Nodes Reported in Synthesis Report               ; 5000               ; 5000               ;
; Number of Inverted Registers Reported in Synthesis Report        ; 100                ; 100                ;
; Clock MUX Protection                                             ; On                 ; On                 ;
; Auto Gated Clock Conversion                                      ; Off                ; Off                ;
; Block Design Naming                                              ; Auto               ; Auto               ;
; SDC constraint protection                                        ; Off                ; Off                ;
; Synthesis Effort                                                 ; Auto               ; Auto               ;
; Shift Register Replacement - Allow Asynchronous Clear Signal     ; On                 ; On                 ;
; Pre-Mapping Resynthesis Optimization                             ; Off                ; Off                ;
; Analysis & Synthesis Message Level                               ; Medium             ; Medium             ;
; Disable Register Merging Across Hierarchies                      ; Auto               ; Auto               ;
; Resource Aware Inference For Block RAM                           ; On                 ; On                 ;
+------------------------------------------------------------------+--------------------+--------------------+


+------------------------------------------------------------------------------+
; Port Connectivity Checks: "ALUNBits:ALUNBits|ALUbitN:alubucle[31].ALUBitN_1" ;
+--------+-------+----------+--------------------------------------------------+
; Port   ; Type  ; Severity ; Details                                          ;
+--------+-------+----------+--------------------------------------------------+
; less_i ; Input ; Info     ; Stuck at GND                                     ;
+--------+-------+----------+--------------------------------------------------+


+---------------------------------------------------------------------------------------------------------------------------------------+
; Port Connectivity Checks: "ALUNBits:ALUNBits|ALUbitN:alubucle[30].ALUBitX"                                                            ;
+--------+--------+----------+----------------------------------------------------------------------------------------------------------+
; Port   ; Type   ; Severity ; Details                                                                                                  ;
+--------+--------+----------+----------------------------------------------------------------------------------------------------------+
; less_i ; Input  ; Info     ; Stuck at GND                                                                                             ;
; set_o  ; Output ; Warning  ; Declared by entity but not connected by instance. Logic that only feeds a dangling port will be removed. ;
+--------+--------+----------+----------------------------------------------------------------------------------------------------------+


+---------------------------------------------------------------------------------------------------------------------------------------+
; Port Connectivity Checks: "ALUNBits:ALUNBits|ALUbitN:alubucle[29].ALUBitX"                                                            ;
+--------+--------+----------+----------------------------------------------------------------------------------------------------------+
; Port   ; Type   ; Severity ; Details                                                                                                  ;
+--------+--------+----------+----------------------------------------------------------------------------------------------------------+
; less_i ; Input  ; Info     ; Stuck at GND                                                                                             ;
; set_o  ; Output ; Warning  ; Declared by entity but not connected by instance. Logic that only feeds a dangling port will be removed. ;
+--------+--------+----------+----------------------------------------------------------------------------------------------------------+


+---------------------------------------------------------------------------------------------------------------------------------------+
; Port Connectivity Checks: "ALUNBits:ALUNBits|ALUbitN:alubucle[28].ALUBitX"                                                            ;
+--------+--------+----------+----------------------------------------------------------------------------------------------------------+
; Port   ; Type   ; Severity ; Details                                                                                                  ;
+--------+--------+----------+----------------------------------------------------------------------------------------------------------+
; less_i ; Input  ; Info     ; Stuck at GND                                                                                             ;
; set_o  ; Output ; Warning  ; Declared by entity but not connected by instance. Logic that only feeds a dangling port will be removed. ;
+--------+--------+----------+----------------------------------------------------------------------------------------------------------+


+---------------------------------------------------------------------------------------------------------------------------------------+
; Port Connectivity Checks: "ALUNBits:ALUNBits|ALUbitN:alubucle[27].ALUBitX"                                                            ;
+--------+--------+----------+----------------------------------------------------------------------------------------------------------+
; Port   ; Type   ; Severity ; Details                                                                                                  ;
+--------+--------+----------+----------------------------------------------------------------------------------------------------------+
; less_i ; Input  ; Info     ; Stuck at GND                                                                                             ;
; set_o  ; Output ; Warning  ; Declared by entity but not connected by instance. Logic that only feeds a dangling port will be removed. ;
+--------+--------+----------+----------------------------------------------------------------------------------------------------------+


+---------------------------------------------------------------------------------------------------------------------------------------+
; Port Connectivity Checks: "ALUNBits:ALUNBits|ALUbitN:alubucle[26].ALUBitX"                                                            ;
+--------+--------+----------+----------------------------------------------------------------------------------------------------------+
; Port   ; Type   ; Severity ; Details                                                                                                  ;
+--------+--------+----------+----------------------------------------------------------------------------------------------------------+
; less_i ; Input  ; Info     ; Stuck at GND                                                                                             ;
; set_o  ; Output ; Warning  ; Declared by entity but not connected by instance. Logic that only feeds a dangling port will be removed. ;
+--------+--------+----------+----------------------------------------------------------------------------------------------------------+


+---------------------------------------------------------------------------------------------------------------------------------------+
; Port Connectivity Checks: "ALUNBits:ALUNBits|ALUbitN:alubucle[25].ALUBitX"                                                            ;
+--------+--------+----------+----------------------------------------------------------------------------------------------------------+
; Port   ; Type   ; Severity ; Details                                                                                                  ;
+--------+--------+----------+----------------------------------------------------------------------------------------------------------+
; less_i ; Input  ; Info     ; Stuck at GND                                                                                             ;
; set_o  ; Output ; Warning  ; Declared by entity but not connected by instance. Logic that only feeds a dangling port will be removed. ;
+--------+--------+----------+----------------------------------------------------------------------------------------------------------+


+---------------------------------------------------------------------------------------------------------------------------------------+
; Port Connectivity Checks: "ALUNBits:ALUNBits|ALUbitN:alubucle[24].ALUBitX"                                                            ;
+--------+--------+----------+----------------------------------------------------------------------------------------------------------+
; Port   ; Type   ; Severity ; Details                                                                                                  ;
+--------+--------+----------+----------------------------------------------------------------------------------------------------------+
; less_i ; Input  ; Info     ; Stuck at GND                                                                                             ;
; set_o  ; Output ; Warning  ; Declared by entity but not connected by instance. Logic that only feeds a dangling port will be removed. ;
+--------+--------+----------+----------------------------------------------------------------------------------------------------------+


+---------------------------------------------------------------------------------------------------------------------------------------+
; Port Connectivity Checks: "ALUNBits:ALUNBits|ALUbitN:alubucle[23].ALUBitX"                                                            ;
+--------+--------+----------+----------------------------------------------------------------------------------------------------------+
; Port   ; Type   ; Severity ; Details                                                                                                  ;
+--------+--------+----------+----------------------------------------------------------------------------------------------------------+
; less_i ; Input  ; Info     ; Stuck at GND                                                                                             ;
; set_o  ; Output ; Warning  ; Declared by entity but not connected by instance. Logic that only feeds a dangling port will be removed. ;
+--------+--------+----------+----------------------------------------------------------------------------------------------------------+


+---------------------------------------------------------------------------------------------------------------------------------------+
; Port Connectivity Checks: "ALUNBits:ALUNBits|ALUbitN:alubucle[22].ALUBitX"                                                            ;
+--------+--------+----------+----------------------------------------------------------------------------------------------------------+
; Port   ; Type   ; Severity ; Details                                                                                                  ;
+--------+--------+----------+----------------------------------------------------------------------------------------------------------+
; less_i ; Input  ; Info     ; Stuck at GND                                                                                             ;
; set_o  ; Output ; Warning  ; Declared by entity but not connected by instance. Logic that only feeds a dangling port will be removed. ;
+--------+--------+----------+----------------------------------------------------------------------------------------------------------+


+---------------------------------------------------------------------------------------------------------------------------------------+
; Port Connectivity Checks: "ALUNBits:ALUNBits|ALUbitN:alubucle[21].ALUBitX"                                                            ;
+--------+--------+----------+----------------------------------------------------------------------------------------------------------+
; Port   ; Type   ; Severity ; Details                                                                                                  ;
+--------+--------+----------+----------------------------------------------------------------------------------------------------------+
; less_i ; Input  ; Info     ; Stuck at GND                                                                                             ;
; set_o  ; Output ; Warning  ; Declared by entity but not connected by instance. Logic that only feeds a dangling port will be removed. ;
+--------+--------+----------+----------------------------------------------------------------------------------------------------------+


+---------------------------------------------------------------------------------------------------------------------------------------+
; Port Connectivity Checks: "ALUNBits:ALUNBits|ALUbitN:alubucle[20].ALUBitX"                                                            ;
+--------+--------+----------+----------------------------------------------------------------------------------------------------------+
; Port   ; Type   ; Severity ; Details                                                                                                  ;
+--------+--------+----------+----------------------------------------------------------------------------------------------------------+
; less_i ; Input  ; Info     ; Stuck at GND                                                                                             ;
; set_o  ; Output ; Warning  ; Declared by entity but not connected by instance. Logic that only feeds a dangling port will be removed. ;
+--------+--------+----------+----------------------------------------------------------------------------------------------------------+


+---------------------------------------------------------------------------------------------------------------------------------------+
; Port Connectivity Checks: "ALUNBits:ALUNBits|ALUbitN:alubucle[19].ALUBitX"                                                            ;
+--------+--------+----------+----------------------------------------------------------------------------------------------------------+
; Port   ; Type   ; Severity ; Details                                                                                                  ;
+--------+--------+----------+----------------------------------------------------------------------------------------------------------+
; less_i ; Input  ; Info     ; Stuck at GND                                                                                             ;
; set_o  ; Output ; Warning  ; Declared by entity but not connected by instance. Logic that only feeds a dangling port will be removed. ;
+--------+--------+----------+----------------------------------------------------------------------------------------------------------+


+---------------------------------------------------------------------------------------------------------------------------------------+
; Port Connectivity Checks: "ALUNBits:ALUNBits|ALUbitN:alubucle[18].ALUBitX"                                                            ;
+--------+--------+----------+----------------------------------------------------------------------------------------------------------+
; Port   ; Type   ; Severity ; Details                                                                                                  ;
+--------+--------+----------+----------------------------------------------------------------------------------------------------------+
; less_i ; Input  ; Info     ; Stuck at GND                                                                                             ;
; set_o  ; Output ; Warning  ; Declared by entity but not connected by instance. Logic that only feeds a dangling port will be removed. ;
+--------+--------+----------+----------------------------------------------------------------------------------------------------------+


+---------------------------------------------------------------------------------------------------------------------------------------+
; Port Connectivity Checks: "ALUNBits:ALUNBits|ALUbitN:alubucle[17].ALUBitX"                                                            ;
+--------+--------+----------+----------------------------------------------------------------------------------------------------------+
; Port   ; Type   ; Severity ; Details                                                                                                  ;
+--------+--------+----------+----------------------------------------------------------------------------------------------------------+
; less_i ; Input  ; Info     ; Stuck at GND                                                                                             ;
; set_o  ; Output ; Warning  ; Declared by entity but not connected by instance. Logic that only feeds a dangling port will be removed. ;
+--------+--------+----------+----------------------------------------------------------------------------------------------------------+


+---------------------------------------------------------------------------------------------------------------------------------------+
; Port Connectivity Checks: "ALUNBits:ALUNBits|ALUbitN:alubucle[16].ALUBitX"                                                            ;
+--------+--------+----------+----------------------------------------------------------------------------------------------------------+
; Port   ; Type   ; Severity ; Details                                                                                                  ;
+--------+--------+----------+----------------------------------------------------------------------------------------------------------+
; less_i ; Input  ; Info     ; Stuck at GND                                                                                             ;
; set_o  ; Output ; Warning  ; Declared by entity but not connected by instance. Logic that only feeds a dangling port will be removed. ;
+--------+--------+----------+----------------------------------------------------------------------------------------------------------+


+---------------------------------------------------------------------------------------------------------------------------------------+
; Port Connectivity Checks: "ALUNBits:ALUNBits|ALUbitN:alubucle[15].ALUBitX"                                                            ;
+--------+--------+----------+----------------------------------------------------------------------------------------------------------+
; Port   ; Type   ; Severity ; Details                                                                                                  ;
+--------+--------+----------+----------------------------------------------------------------------------------------------------------+
; less_i ; Input  ; Info     ; Stuck at GND                                                                                             ;
; set_o  ; Output ; Warning  ; Declared by entity but not connected by instance. Logic that only feeds a dangling port will be removed. ;
+--------+--------+----------+----------------------------------------------------------------------------------------------------------+


+---------------------------------------------------------------------------------------------------------------------------------------+
; Port Connectivity Checks: "ALUNBits:ALUNBits|ALUbitN:alubucle[14].ALUBitX"                                                            ;
+--------+--------+----------+----------------------------------------------------------------------------------------------------------+
; Port   ; Type   ; Severity ; Details                                                                                                  ;
+--------+--------+----------+----------------------------------------------------------------------------------------------------------+
; less_i ; Input  ; Info     ; Stuck at GND                                                                                             ;
; set_o  ; Output ; Warning  ; Declared by entity but not connected by instance. Logic that only feeds a dangling port will be removed. ;
+--------+--------+----------+----------------------------------------------------------------------------------------------------------+


+---------------------------------------------------------------------------------------------------------------------------------------+
; Port Connectivity Checks: "ALUNBits:ALUNBits|ALUbitN:alubucle[13].ALUBitX"                                                            ;
+--------+--------+----------+----------------------------------------------------------------------------------------------------------+
; Port   ; Type   ; Severity ; Details                                                                                                  ;
+--------+--------+----------+----------------------------------------------------------------------------------------------------------+
; less_i ; Input  ; Info     ; Stuck at GND                                                                                             ;
; set_o  ; Output ; Warning  ; Declared by entity but not connected by instance. Logic that only feeds a dangling port will be removed. ;
+--------+--------+----------+----------------------------------------------------------------------------------------------------------+


+---------------------------------------------------------------------------------------------------------------------------------------+
; Port Connectivity Checks: "ALUNBits:ALUNBits|ALUbitN:alubucle[12].ALUBitX"                                                            ;
+--------+--------+----------+----------------------------------------------------------------------------------------------------------+
; Port   ; Type   ; Severity ; Details                                                                                                  ;
+--------+--------+----------+----------------------------------------------------------------------------------------------------------+
; less_i ; Input  ; Info     ; Stuck at GND                                                                                             ;
; set_o  ; Output ; Warning  ; Declared by entity but not connected by instance. Logic that only feeds a dangling port will be removed. ;
+--------+--------+----------+----------------------------------------------------------------------------------------------------------+


+---------------------------------------------------------------------------------------------------------------------------------------+
; Port Connectivity Checks: "ALUNBits:ALUNBits|ALUbitN:alubucle[11].ALUBitX"                                                            ;
+--------+--------+----------+----------------------------------------------------------------------------------------------------------+
; Port   ; Type   ; Severity ; Details                                                                                                  ;
+--------+--------+----------+----------------------------------------------------------------------------------------------------------+
; less_i ; Input  ; Info     ; Stuck at GND                                                                                             ;
; set_o  ; Output ; Warning  ; Declared by entity but not connected by instance. Logic that only feeds a dangling port will be removed. ;
+--------+--------+----------+----------------------------------------------------------------------------------------------------------+


+---------------------------------------------------------------------------------------------------------------------------------------+
; Port Connectivity Checks: "ALUNBits:ALUNBits|ALUbitN:alubucle[10].ALUBitX"                                                            ;
+--------+--------+----------+----------------------------------------------------------------------------------------------------------+
; Port   ; Type   ; Severity ; Details                                                                                                  ;
+--------+--------+----------+----------------------------------------------------------------------------------------------------------+
; less_i ; Input  ; Info     ; Stuck at GND                                                                                             ;
; set_o  ; Output ; Warning  ; Declared by entity but not connected by instance. Logic that only feeds a dangling port will be removed. ;
+--------+--------+----------+----------------------------------------------------------------------------------------------------------+


+---------------------------------------------------------------------------------------------------------------------------------------+
; Port Connectivity Checks: "ALUNBits:ALUNBits|ALUbitN:alubucle[9].ALUBitX"                                                             ;
+--------+--------+----------+----------------------------------------------------------------------------------------------------------+
; Port   ; Type   ; Severity ; Details                                                                                                  ;
+--------+--------+----------+----------------------------------------------------------------------------------------------------------+
; less_i ; Input  ; Info     ; Stuck at GND                                                                                             ;
; set_o  ; Output ; Warning  ; Declared by entity but not connected by instance. Logic that only feeds a dangling port will be removed. ;
+--------+--------+----------+----------------------------------------------------------------------------------------------------------+


+---------------------------------------------------------------------------------------------------------------------------------------+
; Port Connectivity Checks: "ALUNBits:ALUNBits|ALUbitN:alubucle[8].ALUBitX"                                                             ;
+--------+--------+----------+----------------------------------------------------------------------------------------------------------+
; Port   ; Type   ; Severity ; Details                                                                                                  ;
+--------+--------+----------+----------------------------------------------------------------------------------------------------------+
; less_i ; Input  ; Info     ; Stuck at GND                                                                                             ;
; set_o  ; Output ; Warning  ; Declared by entity but not connected by instance. Logic that only feeds a dangling port will be removed. ;
+--------+--------+----------+----------------------------------------------------------------------------------------------------------+


+---------------------------------------------------------------------------------------------------------------------------------------+
; Port Connectivity Checks: "ALUNBits:ALUNBits|ALUbitN:alubucle[7].ALUBitX"                                                             ;
+--------+--------+----------+----------------------------------------------------------------------------------------------------------+
; Port   ; Type   ; Severity ; Details                                                                                                  ;
+--------+--------+----------+----------------------------------------------------------------------------------------------------------+
; less_i ; Input  ; Info     ; Stuck at GND                                                                                             ;
; set_o  ; Output ; Warning  ; Declared by entity but not connected by instance. Logic that only feeds a dangling port will be removed. ;
+--------+--------+----------+----------------------------------------------------------------------------------------------------------+


+---------------------------------------------------------------------------------------------------------------------------------------+
; Port Connectivity Checks: "ALUNBits:ALUNBits|ALUbitN:alubucle[6].ALUBitX"                                                             ;
+--------+--------+----------+----------------------------------------------------------------------------------------------------------+
; Port   ; Type   ; Severity ; Details                                                                                                  ;
+--------+--------+----------+----------------------------------------------------------------------------------------------------------+
; less_i ; Input  ; Info     ; Stuck at GND                                                                                             ;
; set_o  ; Output ; Warning  ; Declared by entity but not connected by instance. Logic that only feeds a dangling port will be removed. ;
+--------+--------+----------+----------------------------------------------------------------------------------------------------------+


+---------------------------------------------------------------------------------------------------------------------------------------+
; Port Connectivity Checks: "ALUNBits:ALUNBits|ALUbitN:alubucle[5].ALUBitX"                                                             ;
+--------+--------+----------+----------------------------------------------------------------------------------------------------------+
; Port   ; Type   ; Severity ; Details                                                                                                  ;
+--------+--------+----------+----------------------------------------------------------------------------------------------------------+
; less_i ; Input  ; Info     ; Stuck at GND                                                                                             ;
; set_o  ; Output ; Warning  ; Declared by entity but not connected by instance. Logic that only feeds a dangling port will be removed. ;
+--------+--------+----------+----------------------------------------------------------------------------------------------------------+


+---------------------------------------------------------------------------------------------------------------------------------------+
; Port Connectivity Checks: "ALUNBits:ALUNBits|ALUbitN:alubucle[4].ALUBitX"                                                             ;
+--------+--------+----------+----------------------------------------------------------------------------------------------------------+
; Port   ; Type   ; Severity ; Details                                                                                                  ;
+--------+--------+----------+----------------------------------------------------------------------------------------------------------+
; less_i ; Input  ; Info     ; Stuck at GND                                                                                             ;
; set_o  ; Output ; Warning  ; Declared by entity but not connected by instance. Logic that only feeds a dangling port will be removed. ;
+--------+--------+----------+----------------------------------------------------------------------------------------------------------+


+---------------------------------------------------------------------------------------------------------------------------------------+
; Port Connectivity Checks: "ALUNBits:ALUNBits|ALUbitN:alubucle[3].ALUBitX"                                                             ;
+--------+--------+----------+----------------------------------------------------------------------------------------------------------+
; Port   ; Type   ; Severity ; Details                                                                                                  ;
+--------+--------+----------+----------------------------------------------------------------------------------------------------------+
; less_i ; Input  ; Info     ; Stuck at GND                                                                                             ;
; set_o  ; Output ; Warning  ; Declared by entity but not connected by instance. Logic that only feeds a dangling port will be removed. ;
+--------+--------+----------+----------------------------------------------------------------------------------------------------------+


+---------------------------------------------------------------------------------------------------------------------------------------+
; Port Connectivity Checks: "ALUNBits:ALUNBits|ALUbitN:alubucle[2].ALUBitX"                                                             ;
+--------+--------+----------+----------------------------------------------------------------------------------------------------------+
; Port   ; Type   ; Severity ; Details                                                                                                  ;
+--------+--------+----------+----------------------------------------------------------------------------------------------------------+
; less_i ; Input  ; Info     ; Stuck at GND                                                                                             ;
; set_o  ; Output ; Warning  ; Declared by entity but not connected by instance. Logic that only feeds a dangling port will be removed. ;
+--------+--------+----------+----------------------------------------------------------------------------------------------------------+


+---------------------------------------------------------------------------------------------------------------------------------------+
; Port Connectivity Checks: "ALUNBits:ALUNBits|ALUbitN:alubucle[1].ALUBitX"                                                             ;
+--------+--------+----------+----------------------------------------------------------------------------------------------------------+
; Port   ; Type   ; Severity ; Details                                                                                                  ;
+--------+--------+----------+----------------------------------------------------------------------------------------------------------+
; less_i ; Input  ; Info     ; Stuck at GND                                                                                             ;
; set_o  ; Output ; Warning  ; Declared by entity but not connected by instance. Logic that only feeds a dangling port will be removed. ;
+--------+--------+----------+----------------------------------------------------------------------------------------------------------+


+--------------------------------------------------------------------------------------------------------------------------------------+
; Port Connectivity Checks: "ALUNBits:ALUNBits|ALUbitN:alubucle[0].ALU1Bit"                                                            ;
+-------+--------+----------+----------------------------------------------------------------------------------------------------------+
; Port  ; Type   ; Severity ; Details                                                                                                  ;
+-------+--------+----------+----------------------------------------------------------------------------------------------------------+
; set_o ; Output ; Warning  ; Declared by entity but not connected by instance. Logic that only feeds a dangling port will be removed. ;
+-------+--------+----------+----------------------------------------------------------------------------------------------------------+


+--------------------------------------------------------------------------------------------------------------------------------------------------------------------------+
; Port Connectivity Checks: "ALUNBits:ALUNBits"                                                                                                                            ;
+--------+-------+----------+----------------------------------------------------------------------------------------------------------------------------------------------+
; Port   ; Type  ; Severity ; Details                                                                                                                                      ;
+--------+-------+----------+----------------------------------------------------------------------------------------------------------------------------------------------+
; less_i ; Input ; Warning  ; Declared by entity but not connected by instance. If a default value exists, it will be used.  Otherwise, the port will be connected to GND. ;
+--------+-------+----------+----------------------------------------------------------------------------------------------------------------------------------------------+


+---------------------------------+
; Analysis & Elaboration Messages ;
+---------------------------------+
Info: *******************************************************************
Info: Running Quartus Prime Analysis & Elaboration
    Info: Version 18.0.0 Build 614 04/24/2018 SJ Lite Edition
    Info: Processing started: Sun Mar 17 13:01:18 2024
Info: Command: quartus_map --read_settings_files=on --write_settings_files=off ALU -c ALU --analysis_and_elaboration
Warning (18236): Number of processors has not been specified which may cause overloading on shared machines.  Set the global assignment NUM_PARALLEL_PROCESSORS in your QSF to an appropriate value for best performance.
Info (20030): Parallel compilation is enabled and will use 6 of the 6 processors detected
Info (12021): Found 1 design units, including 1 entities, in source file fulladder/fulladder.v
    Info (12023): Found entity 1: Fulladder File: D:/Arquitectura/ALU/Fulladder/Fulladder.v Line: 1
Info (12021): Found 1 design units, including 1 entities, in source file alu.v
    Info (12023): Found entity 1: ALUbitN File: D:/Arquitectura/ALU/ALU.v Line: 15
Info (12021): Found 1 design units, including 1 entities, in source file alunbits.v
    Info (12023): Found entity 1: ALUNBits File: D:/Arquitectura/ALU/ALUNBits.v Line: 15
Info (12021): Found 1 design units, including 1 entities, in source file disp7segs.v
    Info (12023): Found entity 1: Disp7segs File: D:/Arquitectura/ALU/Disp7segs.v Line: 15
Info (12021): Found 1 design units, including 1 entities, in source file alunbits_fpga.v
    Info (12023): Found entity 1: ALUNBits_FPGA File: D:/Arquitectura/ALU/ALUNBits_FPGA.v Line: 16
Warning (12019): Can't analyze file -- file memoria.v is missing
Info (12021): Found 1 design units, including 1 entities, in source file memoria_b.v
    Info (12023): Found entity 1: memoria_b File: D:/Arquitectura/ALU/memoria_b.v Line: 15
Info (12021): Found 1 design units, including 1 entities, in source file memoria_a.v
    Info (12023): Found entity 1: memoria_a File: D:/Arquitectura/ALU/memoria_a.v Line: 15
Info (12127): Elaborating entity "ALUNBits_FPGA" for the top level hierarchy
Info (12128): Elaborating entity "memoria_a" for hierarchy "memoria_a:mema" File: D:/Arquitectura/ALU/ALUNBits_FPGA.v Line: 44
Warning (10030): Net "memory.data_a" at memoria_a.v(21) has no driver or initial value, using a default initial value '0' File: D:/Arquitectura/ALU/memoria_a.v Line: 21
Warning (10030): Net "memory.waddr_a" at memoria_a.v(21) has no driver or initial value, using a default initial value '0' File: D:/Arquitectura/ALU/memoria_a.v Line: 21
Warning (10030): Net "memory.we_a" at memoria_a.v(21) has no driver or initial value, using a default initial value '0' File: D:/Arquitectura/ALU/memoria_a.v Line: 21
Info (12128): Elaborating entity "memoria_b" for hierarchy "memoria_b:memb" File: D:/Arquitectura/ALU/ALUNBits_FPGA.v Line: 49
Warning (10030): Net "memory.data_a" at memoria_b.v(21) has no driver or initial value, using a default initial value '0' File: D:/Arquitectura/ALU/memoria_b.v Line: 21
Warning (10030): Net "memory.waddr_a" at memoria_b.v(21) has no driver or initial value, using a default initial value '0' File: D:/Arquitectura/ALU/memoria_b.v Line: 21
Warning (10030): Net "memory.we_a" at memoria_b.v(21) has no driver or initial value, using a default initial value '0' File: D:/Arquitectura/ALU/memoria_b.v Line: 21
Info (12128): Elaborating entity "ALUNBits" for hierarchy "ALUNBits:ALUNBits" File: D:/Arquitectura/ALU/ALUNBits_FPGA.v Line: 65
Info (12128): Elaborating entity "ALUbitN" for hierarchy "ALUNBits:ALUNBits|ALUbitN:alubucle[0].ALU1Bit" File: D:/Arquitectura/ALU/ALUNBits.v Line: 54
Info (12128): Elaborating entity "Fulladder" for hierarchy "ALUNBits:ALUNBits|ALUbitN:alubucle[0].ALU1Bit|Fulladder:falbit" File: D:/Arquitectura/ALU/ALU.v Line: 56
Info (12128): Elaborating entity "Disp7segs" for hierarchy "Disp7segs:Disp0" File: D:/Arquitectura/ALU/ALUNBits_FPGA.v Line: 71
Warning (12241): 32 hierarchies have connectivity warnings - see the Connectivity Checks report folder
Info: Quartus Prime Analysis & Elaboration was successful. 0 errors, 9 warnings
    Info: Peak virtual memory: 4707 megabytes
    Info: Processing ended: Sun Mar 17 13:01:27 2024
    Info: Elapsed time: 00:00:09
    Info: Total CPU time (on all processors): 00:00:19


